[2026-03-04T22:57:32.361+0100] [Payara 5.1] [INFO] [NCLS-LOGGING-00009] [javax.enterprise.logging] [tid: _ThreadID=28 _ThreadName=RunLevelControllerThread-1772661451777] [timeMillis: 1772661452361] [levelValue: 800] [[
  Running GlassFish Version: Payara Server  5.1.0  (build default-private)]]

[2026-03-04T22:57:32.368+0100] [Payara 5.1] [INFO] [NCLS-LOGGING-00010] [javax.enterprise.logging] [tid: _ThreadID=28 _ThreadName=RunLevelControllerThread-1772661451777] [timeMillis: 1772661452368] [levelValue: 800] [[
  Server log file is using Formatter class: com.sun.enterprise.server.logging.ODLLogFormatter]]

[2026-03-04T22:57:33.463+0100] [Payara 5.1] [INFO] [NCLS-SECURITY-01115] [javax.enterprise.system.core.security] [tid: _ThreadID=30 _ThreadName=RunLevelControllerThread-1772661451803] [timeMillis: 1772661453463] [levelValue: 800] [[
  Realm [admin-realm] of classtype [com.sun.enterprise.security.auth.realm.file.FileRealm] successfully created.]]

[2026-03-04T22:57:33.469+0100] [Payara 5.1] [INFO] [] [org.hibernate.validator.internal.util.Version] [tid: _ThreadID=29 _ThreadName=RunLevelControllerThread-1772661451803] [timeMillis: 1772661453469] [levelValue: 800] [[
  HV000001: Hibernate Validator 6.0.10.Final]]

[2026-03-04T22:57:33.498+0100] [Payara 5.1] [INFO] [NCLS-SECURITY-01115] [javax.enterprise.system.core.security] [tid: _ThreadID=30 _ThreadName=RunLevelControllerThread-1772661451803] [timeMillis: 1772661453498] [levelValue: 800] [[
  Realm [file] of classtype [com.sun.enterprise.security.auth.realm.file.FileRealm] successfully created.]]

[2026-03-04T22:57:33.520+0100] [Payara 5.1] [INFO] [NCLS-SECURITY-01115] [javax.enterprise.system.core.security] [tid: _ThreadID=30 _ThreadName=RunLevelControllerThread-1772661451803] [timeMillis: 1772661453520] [levelValue: 800] [[
  Realm [certificate] of classtype [com.sun.enterprise.security.auth.realm.certificate.CertificateRealm] successfully created.]]

[2026-03-04T22:57:33.873+0100] [Payara 5.1] [INFO] [SEC-SVCS-00100] [javax.enterprise.security.services] [tid: _ThreadID=30 _ThreadName=RunLevelControllerThread-1772661451803] [timeMillis: 1772661453873] [levelValue: 800] [[
  Authorization Service has successfully initialized.]]

[2026-03-04T22:57:33.986+0100] [Payara 5.1] [INFO] [NCLS-CORE-00087] [javax.enterprise.system.core] [tid: _ThreadID=27 _ThreadName=RunLevelControllerThread-1772661451772] [timeMillis: 1772661453986] [levelValue: 800] [[
  Grizzly Framework 2.4.4 started in: 64ms - bound to [/0.0.0.0:8080]]]

[2026-03-04T22:57:34.101+0100] [Payara 5.1] [INFO] [] [org.glassfish.ha.store.spi.BackingStoreFactoryRegistry] [tid: _ThreadID=28 _ThreadName=RunLevelControllerThread-1772661451777] [timeMillis: 1772661454101] [levelValue: 800] [[
  Registered org.glassfish.ha.store.adapter.cache.ShoalBackingStoreProxy for persistence-type = replicated in BackingStoreFactoryRegistry]]

[2026-03-04T22:57:34.136+0100] [Payara 5.1] [INFO] [NCLS-CORE-00087] [javax.enterprise.system.core] [tid: _ThreadID=27 _ThreadName=RunLevelControllerThread-1772661451772] [timeMillis: 1772661454136] [levelValue: 800] [[
  Grizzly Framework 2.4.4 started in: 4ms - bound to [/0.0.0.0:8181]]]

[2026-03-04T22:57:34.155+0100] [Payara 5.1] [INFO] [NCLS-CORE-00087] [javax.enterprise.system.core] [tid: _ThreadID=27 _ThreadName=RunLevelControllerThread-1772661451772] [timeMillis: 1772661454155] [levelValue: 800] [[
  Grizzly Framework 2.4.4 started in: 2ms - bound to [/0.0.0.0:4848]]]

[2026-03-04T22:57:34.209+0100] [Payara 5.1] [INFO] [NCLS-CORE-00087] [javax.enterprise.system.core] [tid: _ThreadID=28 _ThreadName=RunLevelControllerThread-1772661451777] [timeMillis: 1772661454209] [levelValue: 800] [[
  Grizzly Framework 2.4.4 started in: 2ms - bound to [/0.0.0.0:3700]]]

[2026-03-04T22:57:34.787+0100] [Payara 5.1] [INFO] [NCLS-CORE-00017] [javax.enterprise.system.core] [tid: _ThreadID=1 _ThreadName=main] [timeMillis: 1772661454787] [levelValue: 800] [[
  Payara Server  5.1.0  (default-private) startup time : Felix (5.646ms), startup services(3.033ms), total(8.679ms)]]

[2026-03-04T22:57:35.279+0100] [Payara 5.1] [INFO] [jts.startup_msg] [javax.enterprise.system.core.transaction.com.sun.jts.CosTransactions] [tid: _ThreadID=28 _ThreadName=RunLevelControllerThread-1772661451777] [timeMillis: 1772661455279] [levelValue: 800] [[
  JTS5014: Recoverable JTS instance, serverId = [100]]]

[2026-03-04T22:57:35.613+0100] [Payara 5.1] [INFO] [NCLS-JMX-00005] [javax.enterprise.system.jmx] [tid: _ThreadID=73 _ThreadName=Thread-14] [timeMillis: 1772661455613] [levelValue: 800] [[
  JMXStartupService has started JMXConnector on JMXService URL service:jmx:rmi://mac-mini.fritz.box:8686/jndi/rmi://mac-mini.fritz.box:8686/jmxrmi]]

[2026-03-04T22:57:35.996+0100] [Payara 5.1] [INFO] [NCLS-CORE-00087] [javax.enterprise.system.core] [tid: _ThreadID=28 _ThreadName=RunLevelControllerThread-1772661451777] [timeMillis: 1772661455996] [levelValue: 800] [[
  Grizzly Framework 2.4.4 started in: 1ms - bound to [/0.0.0.0:7676]]]

[2026-03-04T22:57:36.002+0100] [Payara 5.1] [INFO] [NCLS-BOOTSTRAP-00027] [javax.enterprise.bootstrap] [tid: _ThreadID=1 _ThreadName=main] [timeMillis: 1772661456002] [levelValue: 800] [[
  Registered com.sun.enterprise.glassfish.bootstrap.osgi.EmbeddedOSGiGlassFishImpl@76fe6cdc as OSGi service registration: org.apache.felix.framework.ServiceRegistrationImpl@2ffb3aec.]]

[2026-03-04T22:57:39.282+0100] [Payara 5.1] [INFO] [] [javax.enterprise.system.tools.deployment.common] [tid: _ThreadID=55 _ThreadName=admin-listener(4)] [timeMillis: 1772661459282] [levelValue: 800] [[
  visiting unvisited references]]

[2026-03-04T22:57:40.131+0100] [Payara 5.1] [INFO] [] [javax.enterprise.system.tools.deployment.common] [tid: _ThreadID=55 _ThreadName=admin-listener(4)] [timeMillis: 1772661460131] [levelValue: 800] [[
  visiting unvisited references]]

[2026-03-04T22:57:40.154+0100] [Payara 5.1] [INFO] [] [javax.enterprise.system.tools.deployment.common] [tid: _ThreadID=55 _ThreadName=admin-listener(4)] [timeMillis: 1772661460154] [levelValue: 800] [[
  visiting unvisited references]]

[2026-03-04T22:57:40.337+0100] [Payara 5.1] [WARNING] [NCLS-CORE-00069] [javax.enterprise.system.core] [tid: _ThreadID=55 _ThreadName=admin-listener(4)] [timeMillis: 1772661460337] [levelValue: 900] [[
  Exception while dispatching an event
java.lang.NullPointerException
	at java.util.ArrayList.addAll(ArrayList.java:583)
	at com.sun.enterprise.deployment.util.ResourceValidator$JNDINamespace.storeAppScopedResources(ResourceValidator.java:978)
	at com.sun.enterprise.deployment.util.ResourceValidator$JNDINamespace.access$1400(ResourceValidator.java:949)
	at com.sun.enterprise.deployment.util.ResourceValidator$AppResources.storeAppScopedResources(ResourceValidator.java:941)
	at com.sun.enterprise.deployment.util.ResourceValidator$AppResources.access$100(ResourceValidator.java:913)
	at com.sun.enterprise.deployment.util.ResourceValidator.parseResources(ResourceValidator.java:139)
	at com.sun.enterprise.deployment.util.ResourceValidator.event(ResourceValidator.java:108)
	at org.glassfish.kernel.event.EventsImpl.send(EventsImpl.java:107)
	at com.sun.enterprise.v3.server.ApplicationLifecycle.deploy(ApplicationLifecycle.java:399)
	at com.sun.enterprise.v3.server.ApplicationLifecycle.deploy(ApplicationLifecycle.java:195)
	at org.glassfish.deployment.admin.DeployCommand.execute(DeployCommand.java:467)
	at com.sun.enterprise.v3.admin.CommandRunnerImpl$2$1.run(CommandRunnerImpl.java:516)
	at com.sun.enterprise.v3.admin.CommandRunnerImpl$2$1.run(CommandRunnerImpl.java:512)
	at java.security.AccessController.doPrivileged(Native Method)
	at javax.security.auth.Subject.doAs(Subject.java:360)
	at com.sun.enterprise.v3.admin.CommandRunnerImpl$2.execute(CommandRunnerImpl.java:511)
	at com.sun.enterprise.v3.admin.CommandRunnerImpl$3.run(CommandRunnerImpl.java:542)
	at com.sun.enterprise.v3.admin.CommandRunnerImpl$3.run(CommandRunnerImpl.java:534)
	at java.security.AccessController.doPrivileged(Native Method)
	at javax.security.auth.Subject.doAs(Subject.java:360)
	at com.sun.enterprise.v3.admin.CommandRunnerImpl.doCommand(CommandRunnerImpl.java:533)
	at com.sun.enterprise.v3.admin.CommandRunnerImpl.doCommand(CommandRunnerImpl.java:1441)
	at com.sun.enterprise.v3.admin.CommandRunnerImpl.access$1300(CommandRunnerImpl.java:86)
	at com.sun.enterprise.v3.admin.CommandRunnerImpl$ExecutionContext.execute(CommandRunnerImpl.java:1823)
	at com.sun.enterprise.v3.admin.CommandRunnerImpl$ExecutionContext.execute(CommandRunnerImpl.java:1699)
	at com.sun.enterprise.v3.admin.AdminAdapter.doCommand(AdminAdapter.java:510)
	at com.sun.enterprise.v3.admin.AdminAdapter.onMissingResource(AdminAdapter.java:200)
	at org.glassfish.grizzly.http.server.StaticHttpHandlerBase.service(StaticHttpHandlerBase.java:166)
	at com.sun.enterprise.v3.services.impl.ContainerMapper$HttpHandlerCallable.call(ContainerMapper.java:439)
	at com.sun.enterprise.v3.services.impl.ContainerMapper.service(ContainerMapper.java:144)
	at org.glassfish.grizzly.http.server.HttpHandler.runService(HttpHandler.java:182)
	at org.glassfish.grizzly.http.server.HttpHandler.doHandle(HttpHandler.java:156)
	at org.glassfish.grizzly.http.server.HttpServerFilter.handleRead(HttpServerFilter.java:218)
	at org.glassfish.grizzly.filterchain.ExecutorResolver$9.execute(ExecutorResolver.java:95)
	at org.glassfish.grizzly.filterchain.DefaultFilterChain.executeFilter(DefaultFilterChain.java:260)
	at org.glassfish.grizzly.filterchain.DefaultFilterChain.executeChainPart(DefaultFilterChain.java:177)
	at org.glassfish.grizzly.filterchain.DefaultFilterChain.execute(DefaultFilterChain.java:109)
	at org.glassfish.grizzly.filterchain.DefaultFilterChain.process(DefaultFilterChain.java:88)
	at org.glassfish.grizzly.ProcessorExecutor.execute(ProcessorExecutor.java:53)
	at org.glassfish.grizzly.nio.transport.TCPNIOTransport.fireIOEvent(TCPNIOTransport.java:515)
	at org.glassfish.grizzly.strategies.AbstractIOStrategy.fireIOEvent(AbstractIOStrategy.java:89)
	at org.glassfish.grizzly.strategies.WorkerThreadIOStrategy.run0(WorkerThreadIOStrategy.java:94)
	at org.glassfish.grizzly.strategies.WorkerThreadIOStrategy.access$100(WorkerThreadIOStrategy.java:33)
	at org.glassfish.grizzly.strategies.WorkerThreadIOStrategy$WorkerThreadRunnable.run(WorkerThreadIOStrategy.java:114)
	at org.glassfish.grizzly.threadpool.AbstractThreadPool$Worker.doWork(AbstractThreadPool.java:569)
	at org.glassfish.grizzly.threadpool.AbstractThreadPool$Worker.run(AbstractThreadPool.java:549)
	at java.lang.Thread.run(Thread.java:750)
]]

[2026-03-04T22:57:40.696+0100] [Payara 5.1] [INFO] [NCLS-SECURITY-01002] [javax.enterprise.system.core.security] [tid: _ThreadID=55 _ThreadName=admin-listener(4)] [timeMillis: 1772661460696] [levelValue: 800] [[
  Java security manager is disabled.]]

[2026-03-04T22:57:40.697+0100] [Payara 5.1] [INFO] [NCLS-SECURITY-01010] [javax.enterprise.system.core.security] [tid: _ThreadID=55 _ThreadName=admin-listener(4)] [timeMillis: 1772661460697] [levelValue: 800] [[
  Entering Security Startup Service.]]

[2026-03-04T22:57:40.714+0100] [Payara 5.1] [INFO] [NCLS-SECURITY-01143] [javax.enterprise.system.core.security] [tid: _ThreadID=55 _ThreadName=admin-listener(4)] [timeMillis: 1772661460714] [levelValue: 800] [[
  Loading policy provider com.sun.enterprise.security.provider.PolicyWrapper.]]

[2026-03-04T22:57:40.805+0100] [Payara 5.1] [INFO] [NCLS-SECURITY-01011] [javax.enterprise.system.core.security] [tid: _ThreadID=55 _ThreadName=admin-listener(4)] [timeMillis: 1772661460805] [levelValue: 800] [[
  Security Service(s) started successfully.]]

[2026-03-04T22:57:41.388+0100] [Payara 5.1] [INFO] [AS-WEB-GLUE-00198] [javax.enterprise.web] [tid: _ThreadID=55 _ThreadName=admin-listener(4)] [timeMillis: 1772661461388] [levelValue: 800] [[
  Created HTTP listener http-listener-1 on host/port 0.0.0.0:8080]]

[2026-03-04T22:57:41.421+0100] [Payara 5.1] [INFO] [AS-WEB-GLUE-00198] [javax.enterprise.web] [tid: _ThreadID=55 _ThreadName=admin-listener(4)] [timeMillis: 1772661461421] [levelValue: 800] [[
  Created HTTP listener http-listener-2 on host/port 0.0.0.0:8181]]

[2026-03-04T22:57:41.426+0100] [Payara 5.1] [INFO] [AS-WEB-GLUE-00198] [javax.enterprise.web] [tid: _ThreadID=55 _ThreadName=admin-listener(4)] [timeMillis: 1772661461426] [levelValue: 800] [[
  Created HTTP listener admin-listener on host/port 0.0.0.0:4848]]

[2026-03-04T22:57:41.453+0100] [Payara 5.1] [INFO] [AS-WEB-GLUE-00200] [javax.enterprise.web] [tid: _ThreadID=55 _ThreadName=admin-listener(4)] [timeMillis: 1772661461453] [levelValue: 800] [[
  Created virtual server server]]

[2026-03-04T22:57:41.457+0100] [Payara 5.1] [INFO] [AS-WEB-GLUE-00200] [javax.enterprise.web] [tid: _ThreadID=55 _ThreadName=admin-listener(4)] [timeMillis: 1772661461457] [levelValue: 800] [[
  Created virtual server __asadmin]]

[2026-03-04T22:57:41.837+0100] [Payara 5.1] [INFO] [AS-WEB-CORE-00306] [javax.enterprise.web.core] [tid: _ThreadID=55 _ThreadName=admin-listener(4)] [timeMillis: 1772661461837] [levelValue: 800] [[
  Setting JAAS app name glassfish-web]]

[2026-03-04T22:57:41.843+0100] [Payara 5.1] [INFO] [AS-WEB-GLUE-00201] [javax.enterprise.web] [tid: _ThreadID=55 _ThreadName=admin-listener(4)] [timeMillis: 1772661461843] [levelValue: 800] [[
  Virtual server server loaded default web module ]]

[2026-03-04T22:57:43.239+0100] [Payara 5.1] [INFO] [] [org.jboss.weld.Version] [tid: _ThreadID=55 _ThreadName=admin-listener(4)] [timeMillis: 1772661463239] [levelValue: 800] [[
  WELD-000900: 3.0.0 (Final)]]

[2026-03-04T22:57:44.006+0100] [Payara 5.1] [INFO] [] [org.jboss.weld.Event] [tid: _ThreadID=55 _ThreadName=admin-listener(4)] [timeMillis: 1772661464006] [levelValue: 800] [[
  WELD-000411: Observer method [BackedAnnotatedMethod] public org.glassfish.jms.injection.JMSCDIExtension.processAnnotatedType(@Observes ProcessAnnotatedType<T>) receives events for all annotated types. Consider restricting events using @WithAnnotations or a generic type with bounds.]]

[2026-03-04T22:57:44.036+0100] [Payara 5.1] [INFO] [] [org.jboss.weld.Event] [tid: _ThreadID=55 _ThreadName=admin-listener(4)] [timeMillis: 1772661464036] [levelValue: 800] [[
  WELD-000411: Observer method [BackedAnnotatedMethod] private org.glassfish.jersey.ext.cdi1x.internal.CdiComponentProvider.processAnnotatedType(@Observes ProcessAnnotatedType) receives events for all annotated types. Consider restricting events using @WithAnnotations or a generic type with bounds.]]

[2026-03-04T22:57:44.068+0100] [Payara 5.1] [INFO] [] [org.jboss.weld.Event] [tid: _ThreadID=55 _ThreadName=admin-listener(4)] [timeMillis: 1772661464068] [levelValue: 800] [[
  WELD-000411: Observer method [BackedAnnotatedMethod] public org.hibernate.validator.cdi.ValidationExtension.processAnnotatedType(@Observes ProcessAnnotatedType<T>) receives events for all annotated types. Consider restricting events using @WithAnnotations or a generic type with bounds.]]

[2026-03-04T22:57:44.096+0100] [Payara 5.1] [INFO] [] [org.jboss.weld.Event] [tid: _ThreadID=55 _ThreadName=admin-listener(4)] [timeMillis: 1772661464096] [levelValue: 800] [[
  WELD-000411: Observer method [BackedAnnotatedMethod] org.glassfish.sse.impl.ServerSentEventCdiExtension.processAnnotatedType(@Observes ProcessAnnotatedType<T>, BeanManager) receives events for all annotated types. Consider restricting events using @WithAnnotations or a generic type with bounds.]]

[2026-03-04T22:57:44.111+0100] [Payara 5.1] [WARN] [] [org.jboss.weld.Bootstrap] [tid: _ThreadID=55 _ThreadName=admin-listener(4)] [timeMillis: 1772661464111] [levelValue: 900] [[
  WELD-000146: BeforeBeanDiscovery.addAnnotatedType(AnnotatedType<?>) used for class org.glassfish.jersey.ext.cdi1x.transaction.internal.WebAppExceptionHolder is deprecated from CDI 1.1!]]

[2026-03-04T22:57:44.120+0100] [Payara 5.1] [WARN] [] [org.jboss.weld.Bootstrap] [tid: _ThreadID=55 _ThreadName=admin-listener(4)] [timeMillis: 1772661464120] [levelValue: 900] [[
  WELD-000146: BeforeBeanDiscovery.addAnnotatedType(AnnotatedType<?>) used for class org.glassfish.jersey.ext.cdi1x.transaction.internal.WebAppExceptionInterceptor is deprecated from CDI 1.1!]]

[2026-03-04T22:57:44.128+0100] [Payara 5.1] [WARN] [] [org.jboss.weld.Bootstrap] [tid: _ThreadID=55 _ThreadName=admin-listener(4)] [timeMillis: 1772661464128] [levelValue: 900] [[
  WELD-000146: BeforeBeanDiscovery.addAnnotatedType(AnnotatedType<?>) used for class org.glassfish.jersey.ext.cdi1x.transaction.internal.TransactionalExceptionMapper is deprecated from CDI 1.1!]]

[2026-03-04T22:57:44.139+0100] [Payara 5.1] [WARN] [] [org.jboss.weld.Bootstrap] [tid: _ThreadID=55 _ThreadName=admin-listener(4)] [timeMillis: 1772661464139] [levelValue: 900] [[
  WELD-000146: BeforeBeanDiscovery.addAnnotatedType(AnnotatedType<?>) used for class org.glassfish.cdi.transaction.TransactionalInterceptorMandatory is deprecated from CDI 1.1!]]

[2026-03-04T22:57:44.143+0100] [Payara 5.1] [WARN] [] [org.jboss.weld.Bootstrap] [tid: _ThreadID=55 _ThreadName=admin-listener(4)] [timeMillis: 1772661464143] [levelValue: 900] [[
  WELD-000146: BeforeBeanDiscovery.addAnnotatedType(AnnotatedType<?>) used for class org.glassfish.cdi.transaction.TransactionalInterceptorNever is deprecated from CDI 1.1!]]

[2026-03-04T22:57:44.150+0100] [Payara 5.1] [WARN] [] [org.jboss.weld.Bootstrap] [tid: _ThreadID=55 _ThreadName=admin-listener(4)] [timeMillis: 1772661464150] [levelValue: 900] [[
  WELD-000146: BeforeBeanDiscovery.addAnnotatedType(AnnotatedType<?>) used for class org.glassfish.cdi.transaction.TransactionalInterceptorNotSupported is deprecated from CDI 1.1!]]

[2026-03-04T22:57:44.152+0100] [Payara 5.1] [WARN] [] [org.jboss.weld.Bootstrap] [tid: _ThreadID=55 _ThreadName=admin-listener(4)] [timeMillis: 1772661464152] [levelValue: 900] [[
  WELD-000146: BeforeBeanDiscovery.addAnnotatedType(AnnotatedType<?>) used for class org.glassfish.cdi.transaction.TransactionalInterceptorRequired is deprecated from CDI 1.1!]]

[2026-03-04T22:57:44.154+0100] [Payara 5.1] [WARN] [] [org.jboss.weld.Bootstrap] [tid: _ThreadID=55 _ThreadName=admin-listener(4)] [timeMillis: 1772661464154] [levelValue: 900] [[
  WELD-000146: BeforeBeanDiscovery.addAnnotatedType(AnnotatedType<?>) used for class org.glassfish.cdi.transaction.TransactionalInterceptorRequiresNew is deprecated from CDI 1.1!]]

[2026-03-04T22:57:44.158+0100] [Payara 5.1] [WARN] [] [org.jboss.weld.Bootstrap] [tid: _ThreadID=55 _ThreadName=admin-listener(4)] [timeMillis: 1772661464158] [levelValue: 900] [[
  WELD-000146: BeforeBeanDiscovery.addAnnotatedType(AnnotatedType<?>) used for class org.glassfish.cdi.transaction.TransactionalInterceptorSupports is deprecated from CDI 1.1!]]

[2026-03-04T22:57:44.207+0100] [Payara 5.1] [WARN] [] [org.jboss.weld.Bootstrap] [tid: _ThreadID=55 _ThreadName=admin-listener(4)] [timeMillis: 1772661464207] [levelValue: 900] [[
  WELD-000146: BeforeBeanDiscovery.addAnnotatedType(AnnotatedType<?>) used for class com.sun.faces.flow.FlowDiscoveryCDIHelper is deprecated from CDI 1.1!]]

[2026-03-04T22:57:44.216+0100] [Payara 5.1] [WARN] [] [org.jboss.weld.Bootstrap] [tid: _ThreadID=55 _ThreadName=admin-listener(4)] [timeMillis: 1772661464216] [levelValue: 900] [[
  WELD-000146: BeforeBeanDiscovery.addAnnotatedType(AnnotatedType<?>) used for class com.ibm.jbatch.container.cdi.BatchProducerBean is deprecated from CDI 1.1!]]

[2026-03-04T22:57:44.229+0100] [Payara 5.1] [WARN] [] [org.jboss.weld.Bootstrap] [tid: _ThreadID=55 _ThreadName=admin-listener(4)] [timeMillis: 1772661464229] [levelValue: 900] [[
  WELD-000146: BeforeBeanDiscovery.addAnnotatedType(AnnotatedType<?>) used for class org.glassfish.jersey.ext.cdi1x.servlet.internal.CdiExternalRequestScope is deprecated from CDI 1.1!]]

[2026-03-04T22:57:44.262+0100] [Payara 5.1] [WARN] [] [org.jboss.weld.Bootstrap] [tid: _ThreadID=55 _ThreadName=admin-listener(4)] [timeMillis: 1772661464262] [levelValue: 900] [[
  WELD-000146: BeforeBeanDiscovery.addAnnotatedType(AnnotatedType<?>) used for class org.glassfish.jersey.ext.cdi1x.internal.CdiComponentProvider$JaxRsParamProducer is deprecated from CDI 1.1!]]

[2026-03-04T22:57:44.459+0100] [Payara 5.1] [INFO] [] [org.jboss.weld.Bootstrap] [tid: _ThreadID=55 _ThreadName=admin-listener(4)] [timeMillis: 1772661464459] [levelValue: 800] [[
  WELD-000119: Not generating any bean definitions from de.consulting.servlet.ProjektDetailServlet because of underlying class loading error: Type ProjektService not found.  If this is unexpected, enable DEBUG logging to see the full error.]]

[2026-03-04T22:57:44.464+0100] [Payara 5.1] [INFO] [] [org.jboss.weld.Bootstrap] [tid: _ThreadID=55 _ThreadName=admin-listener(4)] [timeMillis: 1772661464464] [levelValue: 800] [[
  WELD-000119: Not generating any bean definitions from de.consulting.servlet.ProjektStatistik because of underlying class loading error: Type Projekt not found.  If this is unexpected, enable DEBUG logging to see the full error.]]

[2026-03-04T22:57:44.465+0100] [Payara 5.1] [INFO] [] [org.jboss.weld.Bootstrap] [tid: _ThreadID=55 _ThreadName=admin-listener(4)] [timeMillis: 1772661464465] [levelValue: 800] [[
  WELD-000119: Not generating any bean definitions from de.consulting.servlet.ProjektServlet because of underlying class loading error: Type ProjektService not found.  If this is unexpected, enable DEBUG logging to see the full error.]]

[2026-03-04T22:57:44.467+0100] [Payara 5.1] [INFO] [] [org.jboss.weld.Bootstrap] [tid: _ThreadID=55 _ThreadName=admin-listener(4)] [timeMillis: 1772661464467] [levelValue: 800] [[
  WELD-000119: Not generating any bean definitions from de.consulting.servlet.BeraterServlet because of underlying class loading error: Type BeraterService not found.  If this is unexpected, enable DEBUG logging to see the full error.]]

[2026-03-04T22:57:44.468+0100] [Payara 5.1] [INFO] [] [org.jboss.weld.Bootstrap] [tid: _ThreadID=55 _ThreadName=admin-listener(4)] [timeMillis: 1772661464468] [levelValue: 800] [[
  WELD-000119: Not generating any bean definitions from de.consulting.servlet.ZeiterfassungServlet because of underlying class loading error: Type ZeiterfassungService not found.  If this is unexpected, enable DEBUG logging to see the full error.]]

[2026-03-04T22:57:44.469+0100] [Payara 5.1] [INFO] [] [org.jboss.weld.Bootstrap] [tid: _ThreadID=55 _ThreadName=admin-listener(4)] [timeMillis: 1772661464469] [levelValue: 800] [[
  WELD-000119: Not generating any bean definitions from de.consulting.servlet.BeraterDetailServlet because of underlying class loading error: Type BeraterService not found.  If this is unexpected, enable DEBUG logging to see the full error.]]

[2026-03-04T22:57:44.472+0100] [Payara 5.1] [INFO] [] [org.jboss.weld.Bootstrap] [tid: _ThreadID=55 _ThreadName=admin-listener(4)] [timeMillis: 1772661464472] [levelValue: 800] [[
  WELD-000119: Not generating any bean definitions from de.consulting.cdi.AppKonfiguration because of underlying class loading error: Type SapModul not found.  If this is unexpected, enable DEBUG logging to see the full error.]]

[2026-03-04T22:57:44.474+0100] [Payara 5.1] [INFO] [] [org.jboss.weld.Bootstrap] [tid: _ThreadID=55 _ThreadName=admin-listener(4)] [timeMillis: 1772661464474] [levelValue: 800] [[
  WELD-000119: Not generating any bean definitions from de.consulting.servlet.KundeServlet because of underlying class loading error: Type KundeService not found.  If this is unexpected, enable DEBUG logging to see the full error.]]

[2026-03-04T22:57:44.479+0100] [Payara 5.1] [INFO] [] [org.jboss.weld.Bootstrap] [tid: _ThreadID=55 _ThreadName=admin-listener(4)] [timeMillis: 1772661464479] [levelValue: 800] [[
  WELD-000119: Not generating any bean definitions from de.consulting.servlet.DashboardServlet because of underlying class loading error: Type ProjektService not found.  If this is unexpected, enable DEBUG logging to see the full error.]]

[2026-03-04T22:57:46.363+0100] [Payara 5.1] [INFO] [] [org.glassfish.soteria.servlet.SamRegistrationInstaller] [tid: _ThreadID=55 _ThreadName=admin-listener(4)] [timeMillis: 1772661466363] [levelValue: 800] [[
  Initializing Soteria 1.0.1 for context '/SapConsultingApp-web1']]

[2026-03-04T22:57:46.620+0100] [Payara 5.1] [INFO] [jsf.config.listener.version] [javax.enterprise.resource.webcontainer.jsf.config] [tid: _ThreadID=55 _ThreadName=admin-listener(4)] [timeMillis: 1772661466620] [levelValue: 800] [[
  Mojarra 2.3.9 für Kontext '/SapConsultingApp-web1' wird initialisiert.]]

[2026-03-04T22:57:47.920+0100] [Payara 5.1] [INFO] [] [javax.enterprise.resource.webcontainer.jsf.config] [tid: _ThreadID=55 _ThreadName=admin-listener(4)] [timeMillis: 1772661467920] [levelValue: 800] [[
  Monitoring jndi:/server/SapConsultingApp-web1/WEB-INF/faces-config.xml for modifications]]

[2026-03-04T22:57:48.061+0100] [Payara 5.1] [INFO] [AS-WEB-GLUE-00172] [javax.enterprise.web] [tid: _ThreadID=55 _ThreadName=admin-listener(4)] [timeMillis: 1772661468061] [levelValue: 800] [[
  Loading application [SapConsultingApp1#SapConsultingApp-web1.war] at [SapConsultingApp-web1]]]

[2026-03-04T22:57:48.315+0100] [Payara 5.1] [INFO] [] [javax.enterprise.system.core] [tid: _ThreadID=55 _ThreadName=admin-listener(4)] [timeMillis: 1772661468315] [levelValue: 800] [[
  SapConsultingApp1 was successfully deployed in 9.203 milliseconds.]]

[2026-03-04T22:58:44.822+0100] [Payara 5.1] [INFO] [] [javax.enterprise.system.tools.deployment.common] [tid: _ThreadID=52 _ThreadName=admin-listener(1)] [timeMillis: 1772661524822] [levelValue: 800] [[
  visiting unvisited references]]

[2026-03-04T22:58:45.060+0100] [Payara 5.1] [INFO] [] [javax.enterprise.system.tools.deployment.common] [tid: _ThreadID=52 _ThreadName=admin-listener(1)] [timeMillis: 1772661525060] [levelValue: 800] [[
  visiting unvisited references]]

[2026-03-04T22:58:45.066+0100] [Payara 5.1] [INFO] [] [javax.enterprise.system.tools.deployment.common] [tid: _ThreadID=52 _ThreadName=admin-listener(1)] [timeMillis: 1772661525066] [levelValue: 800] [[
  visiting unvisited references]]

[2026-03-04T22:58:45.256+0100] [Payara 5.1] [WARNING] [NCLS-CORE-00069] [javax.enterprise.system.core] [tid: _ThreadID=52 _ThreadName=admin-listener(1)] [timeMillis: 1772661525256] [levelValue: 900] [[
  Exception while dispatching an event
java.lang.NullPointerException
	at java.util.ArrayList.addAll(ArrayList.java:583)
	at com.sun.enterprise.deployment.util.ResourceValidator$JNDINamespace.storeAppScopedResources(ResourceValidator.java:978)
	at com.sun.enterprise.deployment.util.ResourceValidator$JNDINamespace.access$1400(ResourceValidator.java:949)
	at com.sun.enterprise.deployment.util.ResourceValidator$AppResources.storeAppScopedResources(ResourceValidator.java:941)
	at com.sun.enterprise.deployment.util.ResourceValidator$AppResources.access$100(ResourceValidator.java:913)
	at com.sun.enterprise.deployment.util.ResourceValidator.parseResources(ResourceValidator.java:139)
	at com.sun.enterprise.deployment.util.ResourceValidator.event(ResourceValidator.java:108)
	at org.glassfish.kernel.event.EventsImpl.send(EventsImpl.java:107)
	at com.sun.enterprise.v3.server.ApplicationLifecycle.deploy(ApplicationLifecycle.java:399)
	at com.sun.enterprise.v3.server.ApplicationLifecycle.deploy(ApplicationLifecycle.java:195)
	at org.glassfish.deployment.admin.DeployCommand.execute(DeployCommand.java:467)
	at com.sun.enterprise.v3.admin.CommandRunnerImpl$2$1.run(CommandRunnerImpl.java:516)
	at com.sun.enterprise.v3.admin.CommandRunnerImpl$2$1.run(CommandRunnerImpl.java:512)
	at java.security.AccessController.doPrivileged(Native Method)
	at javax.security.auth.Subject.doAs(Subject.java:360)
	at com.sun.enterprise.v3.admin.CommandRunnerImpl$2.execute(CommandRunnerImpl.java:511)
	at com.sun.enterprise.v3.admin.CommandRunnerImpl$3.run(CommandRunnerImpl.java:542)
	at com.sun.enterprise.v3.admin.CommandRunnerImpl$3.run(CommandRunnerImpl.java:534)
	at java.security.AccessController.doPrivileged(Native Method)
	at javax.security.auth.Subject.doAs(Subject.java:360)
	at com.sun.enterprise.v3.admin.CommandRunnerImpl.doCommand(CommandRunnerImpl.java:533)
	at com.sun.enterprise.v3.admin.CommandRunnerImpl.doCommand(CommandRunnerImpl.java:1441)
	at com.sun.enterprise.v3.admin.CommandRunnerImpl.access$1300(CommandRunnerImpl.java:86)
	at com.sun.enterprise.v3.admin.CommandRunnerImpl$ExecutionContext.execute(CommandRunnerImpl.java:1823)
	at com.sun.enterprise.v3.admin.CommandRunnerImpl$ExecutionContext.execute(CommandRunnerImpl.java:1699)
	at org.glassfish.deployment.admin.ReDeployCommand.execute(ReDeployCommand.java:107)
	at com.sun.enterprise.v3.admin.CommandRunnerImpl$2$1.run(CommandRunnerImpl.java:516)
	at com.sun.enterprise.v3.admin.CommandRunnerImpl$2$1.run(CommandRunnerImpl.java:512)
	at java.security.AccessController.doPrivileged(Native Method)
	at javax.security.auth.Subject.doAs(Subject.java:360)
	at com.sun.enterprise.v3.admin.CommandRunnerImpl$2.execute(CommandRunnerImpl.java:511)
	at com.sun.enterprise.v3.admin.CommandRunnerImpl$3.run(CommandRunnerImpl.java:542)
	at com.sun.enterprise.v3.admin.CommandRunnerImpl$3.run(CommandRunnerImpl.java:534)
	at java.security.AccessController.doPrivileged(Native Method)
	at javax.security.auth.Subject.doAs(Subject.java:360)
	at com.sun.enterprise.v3.admin.CommandRunnerImpl.doCommand(CommandRunnerImpl.java:533)
	at com.sun.enterprise.v3.admin.CommandRunnerImpl.doCommand(CommandRunnerImpl.java:1441)
	at com.sun.enterprise.v3.admin.CommandRunnerImpl.access$1300(CommandRunnerImpl.java:86)
	at com.sun.enterprise.v3.admin.CommandRunnerImpl$ExecutionContext.execute(CommandRunnerImpl.java:1823)
	at com.sun.enterprise.v3.admin.CommandRunnerImpl$ExecutionContext.execute(CommandRunnerImpl.java:1699)
	at com.sun.enterprise.v3.admin.AdminAdapter.doCommand(AdminAdapter.java:510)
	at com.sun.enterprise.v3.admin.AdminAdapter.onMissingResource(AdminAdapter.java:200)
	at org.glassfish.grizzly.http.server.StaticHttpHandlerBase.service(StaticHttpHandlerBase.java:166)
	at com.sun.enterprise.v3.services.impl.ContainerMapper$HttpHandlerCallable.call(ContainerMapper.java:439)
	at com.sun.enterprise.v3.services.impl.ContainerMapper.service(ContainerMapper.java:144)
	at org.glassfish.grizzly.http.server.HttpHandler.runService(HttpHandler.java:182)
	at org.glassfish.grizzly.http.server.HttpHandler.doHandle(HttpHandler.java:156)
	at org.glassfish.grizzly.http.server.HttpServerFilter.handleRead(HttpServerFilter.java:218)
	at org.glassfish.grizzly.filterchain.ExecutorResolver$9.execute(ExecutorResolver.java:95)
	at org.glassfish.grizzly.filterchain.DefaultFilterChain.executeFilter(DefaultFilterChain.java:260)
	at org.glassfish.grizzly.filterchain.DefaultFilterChain.executeChainPart(DefaultFilterChain.java:177)
	at org.glassfish.grizzly.filterchain.DefaultFilterChain.execute(DefaultFilterChain.java:109)
	at org.glassfish.grizzly.filterchain.DefaultFilterChain.process(DefaultFilterChain.java:88)
	at org.glassfish.grizzly.ProcessorExecutor.execute(ProcessorExecutor.java:53)
	at org.glassfish.grizzly.nio.transport.TCPNIOTransport.fireIOEvent(TCPNIOTransport.java:515)
	at org.glassfish.grizzly.strategies.AbstractIOStrategy.fireIOEvent(AbstractIOStrategy.java:89)
	at org.glassfish.grizzly.strategies.WorkerThreadIOStrategy.run0(WorkerThreadIOStrategy.java:94)
	at org.glassfish.grizzly.strategies.WorkerThreadIOStrategy.access$100(WorkerThreadIOStrategy.java:33)
	at org.glassfish.grizzly.strategies.WorkerThreadIOStrategy$WorkerThreadRunnable.run(WorkerThreadIOStrategy.java:114)
	at org.glassfish.grizzly.threadpool.AbstractThreadPool$Worker.doWork(AbstractThreadPool.java:569)
	at org.glassfish.grizzly.threadpool.AbstractThreadPool$Worker.run(AbstractThreadPool.java:549)
	at java.lang.Thread.run(Thread.java:750)
]]

[2026-03-04T22:58:45.517+0100] [Payara 5.1] [INFO] [] [org.jboss.weld.Event] [tid: _ThreadID=52 _ThreadName=admin-listener(1)] [timeMillis: 1772661525517] [levelValue: 800] [[
  WELD-000411: Observer method [BackedAnnotatedMethod] public org.hibernate.validator.cdi.ValidationExtension.processAnnotatedType(@Observes ProcessAnnotatedType<T>) receives events for all annotated types. Consider restricting events using @WithAnnotations or a generic type with bounds.]]

[2026-03-04T22:58:45.526+0100] [Payara 5.1] [INFO] [] [org.jboss.weld.Event] [tid: _ThreadID=52 _ThreadName=admin-listener(1)] [timeMillis: 1772661525526] [levelValue: 800] [[
  WELD-000411: Observer method [BackedAnnotatedMethod] public org.glassfish.jms.injection.JMSCDIExtension.processAnnotatedType(@Observes ProcessAnnotatedType<T>) receives events for all annotated types. Consider restricting events using @WithAnnotations or a generic type with bounds.]]

[2026-03-04T22:58:45.533+0100] [Payara 5.1] [INFO] [] [org.jboss.weld.Event] [tid: _ThreadID=52 _ThreadName=admin-listener(1)] [timeMillis: 1772661525533] [levelValue: 800] [[
  WELD-000411: Observer method [BackedAnnotatedMethod] org.glassfish.sse.impl.ServerSentEventCdiExtension.processAnnotatedType(@Observes ProcessAnnotatedType<T>, BeanManager) receives events for all annotated types. Consider restricting events using @WithAnnotations or a generic type with bounds.]]

[2026-03-04T22:58:45.543+0100] [Payara 5.1] [INFO] [] [org.jboss.weld.Event] [tid: _ThreadID=52 _ThreadName=admin-listener(1)] [timeMillis: 1772661525543] [levelValue: 800] [[
  WELD-000411: Observer method [BackedAnnotatedMethod] private org.glassfish.jersey.ext.cdi1x.internal.CdiComponentProvider.processAnnotatedType(@Observes ProcessAnnotatedType) receives events for all annotated types. Consider restricting events using @WithAnnotations or a generic type with bounds.]]

[2026-03-04T22:58:45.553+0100] [Payara 5.1] [WARN] [] [org.jboss.weld.Bootstrap] [tid: _ThreadID=52 _ThreadName=admin-listener(1)] [timeMillis: 1772661525553] [levelValue: 900] [[
  WELD-000146: BeforeBeanDiscovery.addAnnotatedType(AnnotatedType<?>) used for class org.glassfish.jersey.ext.cdi1x.transaction.internal.WebAppExceptionHolder is deprecated from CDI 1.1!]]

[2026-03-04T22:58:45.560+0100] [Payara 5.1] [WARN] [] [org.jboss.weld.Bootstrap] [tid: _ThreadID=52 _ThreadName=admin-listener(1)] [timeMillis: 1772661525560] [levelValue: 900] [[
  WELD-000146: BeforeBeanDiscovery.addAnnotatedType(AnnotatedType<?>) used for class org.glassfish.jersey.ext.cdi1x.transaction.internal.WebAppExceptionInterceptor is deprecated from CDI 1.1!]]

[2026-03-04T22:58:45.563+0100] [Payara 5.1] [WARN] [] [org.jboss.weld.Bootstrap] [tid: _ThreadID=52 _ThreadName=admin-listener(1)] [timeMillis: 1772661525563] [levelValue: 900] [[
  WELD-000146: BeforeBeanDiscovery.addAnnotatedType(AnnotatedType<?>) used for class org.glassfish.jersey.ext.cdi1x.transaction.internal.TransactionalExceptionMapper is deprecated from CDI 1.1!]]

[2026-03-04T22:58:45.584+0100] [Payara 5.1] [WARN] [] [org.jboss.weld.Bootstrap] [tid: _ThreadID=52 _ThreadName=admin-listener(1)] [timeMillis: 1772661525584] [levelValue: 900] [[
  WELD-000146: BeforeBeanDiscovery.addAnnotatedType(AnnotatedType<?>) used for class com.ibm.jbatch.container.cdi.BatchProducerBean is deprecated from CDI 1.1!]]

[2026-03-04T22:58:45.589+0100] [Payara 5.1] [WARN] [] [org.jboss.weld.Bootstrap] [tid: _ThreadID=52 _ThreadName=admin-listener(1)] [timeMillis: 1772661525589] [levelValue: 900] [[
  WELD-000146: BeforeBeanDiscovery.addAnnotatedType(AnnotatedType<?>) used for class org.glassfish.cdi.transaction.TransactionalInterceptorMandatory is deprecated from CDI 1.1!]]

[2026-03-04T22:58:45.595+0100] [Payara 5.1] [WARN] [] [org.jboss.weld.Bootstrap] [tid: _ThreadID=52 _ThreadName=admin-listener(1)] [timeMillis: 1772661525595] [levelValue: 900] [[
  WELD-000146: BeforeBeanDiscovery.addAnnotatedType(AnnotatedType<?>) used for class org.glassfish.cdi.transaction.TransactionalInterceptorNever is deprecated from CDI 1.1!]]

[2026-03-04T22:58:45.598+0100] [Payara 5.1] [WARN] [] [org.jboss.weld.Bootstrap] [tid: _ThreadID=52 _ThreadName=admin-listener(1)] [timeMillis: 1772661525598] [levelValue: 900] [[
  WELD-000146: BeforeBeanDiscovery.addAnnotatedType(AnnotatedType<?>) used for class org.glassfish.cdi.transaction.TransactionalInterceptorNotSupported is deprecated from CDI 1.1!]]

[2026-03-04T22:58:45.599+0100] [Payara 5.1] [WARN] [] [org.jboss.weld.Bootstrap] [tid: _ThreadID=52 _ThreadName=admin-listener(1)] [timeMillis: 1772661525599] [levelValue: 900] [[
  WELD-000146: BeforeBeanDiscovery.addAnnotatedType(AnnotatedType<?>) used for class org.glassfish.cdi.transaction.TransactionalInterceptorRequired is deprecated from CDI 1.1!]]

[2026-03-04T22:58:45.600+0100] [Payara 5.1] [WARN] [] [org.jboss.weld.Bootstrap] [tid: _ThreadID=52 _ThreadName=admin-listener(1)] [timeMillis: 1772661525600] [levelValue: 900] [[
  WELD-000146: BeforeBeanDiscovery.addAnnotatedType(AnnotatedType<?>) used for class org.glassfish.cdi.transaction.TransactionalInterceptorRequiresNew is deprecated from CDI 1.1!]]

[2026-03-04T22:58:45.600+0100] [Payara 5.1] [WARN] [] [org.jboss.weld.Bootstrap] [tid: _ThreadID=52 _ThreadName=admin-listener(1)] [timeMillis: 1772661525600] [levelValue: 900] [[
  WELD-000146: BeforeBeanDiscovery.addAnnotatedType(AnnotatedType<?>) used for class org.glassfish.cdi.transaction.TransactionalInterceptorSupports is deprecated from CDI 1.1!]]

[2026-03-04T22:58:45.601+0100] [Payara 5.1] [WARN] [] [org.jboss.weld.Bootstrap] [tid: _ThreadID=52 _ThreadName=admin-listener(1)] [timeMillis: 1772661525601] [levelValue: 900] [[
  WELD-000146: BeforeBeanDiscovery.addAnnotatedType(AnnotatedType<?>) used for class org.glassfish.jersey.ext.cdi1x.servlet.internal.CdiExternalRequestScope is deprecated from CDI 1.1!]]

[2026-03-04T22:58:45.601+0100] [Payara 5.1] [WARN] [] [org.jboss.weld.Bootstrap] [tid: _ThreadID=52 _ThreadName=admin-listener(1)] [timeMillis: 1772661525601] [levelValue: 900] [[
  WELD-000146: BeforeBeanDiscovery.addAnnotatedType(AnnotatedType<?>) used for class com.sun.faces.flow.FlowDiscoveryCDIHelper is deprecated from CDI 1.1!]]

[2026-03-04T22:58:45.603+0100] [Payara 5.1] [WARN] [] [org.jboss.weld.Bootstrap] [tid: _ThreadID=52 _ThreadName=admin-listener(1)] [timeMillis: 1772661525603] [levelValue: 900] [[
  WELD-000146: BeforeBeanDiscovery.addAnnotatedType(AnnotatedType<?>) used for class org.glassfish.jersey.ext.cdi1x.internal.CdiComponentProvider$JaxRsParamProducer is deprecated from CDI 1.1!]]

[2026-03-04T22:58:45.660+0100] [Payara 5.1] [INFO] [] [org.jboss.weld.Bootstrap] [tid: _ThreadID=52 _ThreadName=admin-listener(1)] [timeMillis: 1772661525660] [levelValue: 800] [[
  WELD-000119: Not generating any bean definitions from de.consulting.servlet.ProjektDetailServlet because of underlying class loading error: Type ProjektService not found.  If this is unexpected, enable DEBUG logging to see the full error.]]

[2026-03-04T22:58:45.664+0100] [Payara 5.1] [INFO] [] [org.jboss.weld.Bootstrap] [tid: _ThreadID=52 _ThreadName=admin-listener(1)] [timeMillis: 1772661525664] [levelValue: 800] [[
  WELD-000119: Not generating any bean definitions from de.consulting.servlet.ProjektStatistik because of underlying class loading error: Type Projekt not found.  If this is unexpected, enable DEBUG logging to see the full error.]]

[2026-03-04T22:58:45.666+0100] [Payara 5.1] [INFO] [] [org.jboss.weld.Bootstrap] [tid: _ThreadID=52 _ThreadName=admin-listener(1)] [timeMillis: 1772661525666] [levelValue: 800] [[
  WELD-000119: Not generating any bean definitions from de.consulting.servlet.ProjektServlet because of underlying class loading error: Type ProjektService not found.  If this is unexpected, enable DEBUG logging to see the full error.]]

[2026-03-04T22:58:45.666+0100] [Payara 5.1] [INFO] [] [org.jboss.weld.Bootstrap] [tid: _ThreadID=52 _ThreadName=admin-listener(1)] [timeMillis: 1772661525666] [levelValue: 800] [[
  WELD-000119: Not generating any bean definitions from de.consulting.servlet.BeraterServlet because of underlying class loading error: Type BeraterService not found.  If this is unexpected, enable DEBUG logging to see the full error.]]

[2026-03-04T22:58:45.668+0100] [Payara 5.1] [INFO] [] [org.jboss.weld.Bootstrap] [tid: _ThreadID=52 _ThreadName=admin-listener(1)] [timeMillis: 1772661525668] [levelValue: 800] [[
  WELD-000119: Not generating any bean definitions from de.consulting.servlet.ZeiterfassungServlet because of underlying class loading error: Type ZeiterfassungService not found.  If this is unexpected, enable DEBUG logging to see the full error.]]

[2026-03-04T22:58:45.669+0100] [Payara 5.1] [INFO] [] [org.jboss.weld.Bootstrap] [tid: _ThreadID=52 _ThreadName=admin-listener(1)] [timeMillis: 1772661525669] [levelValue: 800] [[
  WELD-000119: Not generating any bean definitions from de.consulting.servlet.BeraterDetailServlet because of underlying class loading error: Type BeraterService not found.  If this is unexpected, enable DEBUG logging to see the full error.]]

[2026-03-04T22:58:45.671+0100] [Payara 5.1] [INFO] [] [org.jboss.weld.Bootstrap] [tid: _ThreadID=52 _ThreadName=admin-listener(1)] [timeMillis: 1772661525671] [levelValue: 800] [[
  WELD-000119: Not generating any bean definitions from de.consulting.cdi.AppKonfiguration because of underlying class loading error: Type SapModul not found.  If this is unexpected, enable DEBUG logging to see the full error.]]

[2026-03-04T22:58:45.672+0100] [Payara 5.1] [INFO] [] [org.jboss.weld.Bootstrap] [tid: _ThreadID=52 _ThreadName=admin-listener(1)] [timeMillis: 1772661525672] [levelValue: 800] [[
  WELD-000119: Not generating any bean definitions from de.consulting.servlet.KundeServlet because of underlying class loading error: Type KundeService not found.  If this is unexpected, enable DEBUG logging to see the full error.]]

[2026-03-04T22:58:45.673+0100] [Payara 5.1] [INFO] [] [org.jboss.weld.Bootstrap] [tid: _ThreadID=52 _ThreadName=admin-listener(1)] [timeMillis: 1772661525673] [levelValue: 800] [[
  WELD-000119: Not generating any bean definitions from de.consulting.servlet.DashboardServlet because of underlying class loading error: Type ProjektService not found.  If this is unexpected, enable DEBUG logging to see the full error.]]

[2026-03-04T22:58:46.228+0100] [Payara 5.1] [INFO] [] [org.glassfish.soteria.servlet.SamRegistrationInstaller] [tid: _ThreadID=52 _ThreadName=admin-listener(1)] [timeMillis: 1772661526228] [levelValue: 800] [[
  Initializing Soteria 1.0.1 for context '/SapConsultingApp-web1']]

[2026-03-04T22:58:46.327+0100] [Payara 5.1] [INFO] [jsf.config.listener.version] [javax.enterprise.resource.webcontainer.jsf.config] [tid: _ThreadID=52 _ThreadName=admin-listener(1)] [timeMillis: 1772661526327] [levelValue: 800] [[
  Mojarra 2.3.9 für Kontext '/SapConsultingApp-web1' wird initialisiert.]]

[2026-03-04T22:58:46.877+0100] [Payara 5.1] [INFO] [] [javax.enterprise.resource.webcontainer.jsf.config] [tid: _ThreadID=52 _ThreadName=admin-listener(1)] [timeMillis: 1772661526877] [levelValue: 800] [[
  Monitoring jndi:/server/SapConsultingApp-web1/WEB-INF/faces-config.xml for modifications]]

[2026-03-04T22:58:46.950+0100] [Payara 5.1] [INFO] [AS-WEB-GLUE-00172] [javax.enterprise.web] [tid: _ThreadID=52 _ThreadName=admin-listener(1)] [timeMillis: 1772661526950] [levelValue: 800] [[
  Loading application [SapConsultingApp1#SapConsultingApp-web1.war] at [SapConsultingApp-web1]]]

[2026-03-04T22:58:46.992+0100] [Payara 5.1] [INFO] [] [javax.enterprise.system.core] [tid: _ThreadID=52 _ThreadName=admin-listener(1)] [timeMillis: 1772661526992] [levelValue: 800] [[
  SapConsultingApp1 was successfully deployed in 2.691 milliseconds.]]

[2026-03-04T23:41:03.320+0100] [Payara 5.1] [INFO] [NCLS-CORE-00092] [javax.enterprise.system.core] [tid: _ThreadID=169 _ThreadName=Thread-42] [timeMillis: 1772664063320] [levelValue: 800] [[
  Server shutdown initiated]]

[2026-03-04T23:41:03.390+0100] [Payara 5.1] [INFO] [NCLS-BOOTSTRAP-00028] [javax.enterprise.bootstrap] [tid: _ThreadID=169 _ThreadName=Thread-42] [timeMillis: 1772664063390] [levelValue: 800] [[
  Unregistered com.sun.enterprise.glassfish.bootstrap.osgi.EmbeddedOSGiGlassFishImpl@76fe6cdc from service registry.]]

[2026-03-04T23:41:03.397+0100] [Payara 5.1] [INFO] [] [] [tid: _ThreadID=169 _ThreadName=Thread-8] [timeMillis: 1772664063397] [levelValue: 800] [[
  FileMonitoring shutdown]]

[2026-03-04T23:41:03.441+0100] [Payara 5.1] [INFO] [NCLS-JMX-00002] [javax.enterprise.system.jmx] [tid: _ThreadID=169 _ThreadName=Thread-42] [timeMillis: 1772664063441] [levelValue: 800] [[
  JMXStartupService: Stopped JMXConnectorServer: null]]

[2026-03-04T23:41:03.446+0100] [Payara 5.1] [INFO] [NCLS-JMX-00001] [javax.enterprise.system.jmx] [tid: _ThreadID=169 _ThreadName=Thread-42] [timeMillis: 1772664063446] [levelValue: 800] [[
  JMXStartupService and JMXConnectors have been shut down.]]

[2026-03-04T23:41:04.133+0100] [Payara 5.1] [INFO] [] [] [tid: _ThreadID=174 _ThreadName=Thread-8] [timeMillis: 1772664064133] [levelValue: 800] [[
  JdbcRuntimeExtension,  getAllSystemRAResourcesAndPools = [GlassFishConfigBean.org.glassfish.jdbc.config.JdbcResource, GlassFishConfigBean.org.glassfish.jdbc.config.JdbcResource, GlassFishConfigBean.org.glassfish.jdbc.config.JdbcConnectionPool, GlassFishConfigBean.org.glassfish.jdbc.config.JdbcConnectionPool]]]

